make all --print-data-base --no-builtin-variables --no-builtin-rules --question
make: *** No rule to make target 'all'.  Stop.

# GNU Make 4.2.1
# Built for x86_64-pc-linux-gnu
# Copyright (C) 1988-2016 Free Software Foundation, Inc.
# License GPLv3+: GNU GPL version 3 or later <http://gnu.org/licenses/gpl.html>
# This is free software: you are free to change and redistribute it.
# There is NO WARRANTY, to the extent permitted by law.

# Make data base, printed on Tue May 10 23:35:10 2022

# Variables

# 'override' directive
GNUMAKEFLAGS := 
# automatic
<D = $(patsubst %/,%,$(dir $<))
# environment
RUBY_VERSION = ruby-3.0.0
# environment
DESKTOP_SESSION = ubuntu
# default
.SHELLFLAGS := -c
# automatic
?F = $(notdir $?)
# environment
XDG_SESSION_CLASS = user
# environment
SNAP_COMMON = /var/snap/code/common
# environment
XDG_SESSION_TYPE = x11
# environment
VSCODE_LOG_NATIVE = false
# environment
NVM_INC = /home/marcos/.nvm/versions/node/v17.7.1/include/node
# automatic
?D = $(patsubst %/,%,$(dir $?))
# environment
IM_CONFIG_PHASE = 1
# environment
rvm_path = /home/marcos/.rvm
# automatic
@D = $(patsubst %/,%,$(dir $@))
# environment
XAUTHORITY = /run/user/1000/gdm/Xauthority
# environment
GDMSESSION = ubuntu
# environment
XMODIFIERS = @im=ibus
# makefile
CURDIR := /home/marcos/Escritorio/ayeda/ayeda-p09-arbol_binario/ayeda-p09-ABEq
# makefile
SHELL = /bin/sh
# environment
SNAP_DATA = /var/snap/code/96
# environment
VSCODE_NLS_CONFIG = {"locale":"es","availableLanguages":{"*":"es"},"_languagePackId":"16468021c5e76390b081b2c772725871.es","_translationsConfigFile":"/home/marcos/.config/Code/clp/16468021c5e76390b081b2c772725871.es/tcf.json","_cacheRoot":"/home/marcos/.config/Code/clp/16468021c5e76390b081b2c772725871.es","_resolvedLanguagePackCoreLocation":"/home/marcos/.config/Code/clp/16468021c5e76390b081b2c772725871.es/da15b6fd3ef856477bf6f4fb29ba1b7af717770d","_corruptedFile":"/home/marcos/.config/Code/clp/16468021c5e76390b081b2c772725871.es/corrupted.info","_languagePackSupport":true}
# environment
JOURNAL_STREAM = 8:55412
# environment
XDG_CONFIG_DIRS = /etc/xdg/xdg-ubuntu:/etc/xdg
# environment
SNAP_INSTANCE_NAME = code
# environment
SNAP_ARCH = amd64
# makefile (from 'makefile', line 1)
MAKEFILE_LIST :=  makefile
# automatic
@F = $(notdir $@)
# environment
GIO_LAUNCHED_DESKTOP_FILE = /var/lib/snapd/desktop/applications/code_code.desktop
# environment
USERNAME = marcos
# environment
MANDATORY_PATH = /usr/share/gconf/ubuntu.mandatory.path
# environment
XDG_DATA_DIRS = /usr/share/ubuntu:/usr/local/share/:/usr/share/:/var/lib/snapd/desktop
# environment
DBUS_SESSION_BUS_ADDRESS = unix:path=/run/user/1000/bus
# environment
VSCODE_VERBOSE_LOGGING = true
# environment
_ = /snap/code/96/usr/share/code/code
# environment
MANAGERPID = 1307
# environment
LESSOPEN = | /usr/bin/lesspipe %s
# environment
VSCODE_CWD = /home/marcos
# environment
GSETTINGS_SCHEMA_DIR = /snap/code/96/usr/share/glib-2.0/schemas
# default
MAKE_HOST := x86_64-pc-linux-gnu
# environment
PATH = /home/marcos/.local/bin:/home/marcos/bin:/home/marcos/.nvm/versions/node/v17.7.1/bin:/home/marcos/.rvm/gems/ruby-3.0.0/bin:/home/marcos/.rvm/gems/ruby-3.0.0@global/bin:/home/marcos/.rvm/rubies/ruby-3.0.0/bin:/home/marcos/.local/bin:/home/marcos/bin:/usr/local/sbin:/usr/local/bin:/usr/sbin:/usr/bin:/sbin:/bin:/usr/games:/usr/local/games:/snap/bin:/home/marcos/.rvm/bin:/home/marcos/.rvm/bin:/home/marcos/.rvm/bin
# environment
GPG_AGENT_INFO = /run/user/1000/gnupg/S.gpg-agent:0:1
# environment
SESSION_MANAGER = local/linux:@/tmp/.ICE-unix/1663,unix/linux:/tmp/.ICE-unix/1663
# environment
rvm_stored_umask = 0002
# environment
XDG_RUNTIME_DIR = /run/user/1000
# environment
GDK_PIXBUF_MODULE_FILE = /home/marcos/snap/code/common/.cache/gdk-pixbuf-loaders.cache
# environment
SNAP = /snap/code/96
# environment
NVM_BIN = /home/marcos/.nvm/versions/node/v17.7.1/bin
# environment
SNAP_VERSION = da15b6fd
# environment
XDG_MENU_PREFIX = gnome-
# environment
VSCODE_LOG_STACK = false
# environment
DISABLE_WAYLAND = 1
# environment
ELECTRON_RUN_AS_NODE = 1
# environment
INVOCATION_ID = 387f997860b441998b80443327e59461
# environment
GDK_PIXBUF_MODULEDIR = /snap/code/96/usr/lib/x86_64-linux-gnu/gdk-pixbuf-2.0/2.10.0/loaders
# default
.FEATURES := target-specific order-only second-expansion else-if shortest-stem undefine oneshell archives jobserver output-sync check-symlink load
# environment
LS_COLORS = 
# environment
XDG_SESSION_DESKTOP = ubuntu
# environment
SSH_AUTH_SOCK = /run/user/1000/keyring/ssh
# environment
GIO_LAUNCHED_DESKTOP_FILE_PID = 16861
# automatic
%F = $(notdir $%)
# environment
DISPLAY = :0
# environment
VSCODE_PIPE_LOGGING = true
# environment
SNAP_INSTANCE_KEY = 
# environment
rvm_bin_path = /home/marcos/.rvm/bin
# environment
PWD = /home/marcos/Escritorio/ayeda/ayeda-p09-arbol_binario/ayeda-p09-ABEq
# default
.LOADED := 
# environment
GEM_HOME = /home/marcos/.rvm/gems/ruby-3.0.0
# environment
SSH_AGENT_PID = 1625
# environment
ORIGINAL_XDG_CURRENT_DESKTOP = ubuntu:GNOME
# environment
GTK_MODULES = gail:atk-bridge
# environment
VSCODE_AMD_ENTRYPOINT = vs/workbench/api/node/extensionHostProcess
# environment
HOME = /home/marcos
# environment
LESSCLOSE = /usr/bin/lesspipe %s %s
# environment
VSCODE_CLI = 1
# environment
VSCODE_CODE_CACHE_PATH = /home/marcos/.config/Code/CachedData/da15b6fd3ef856477bf6f4fb29ba1b7af717770d
# environment
LOGNAME = marcos
# environment
APPLICATION_INSIGHTS_NO_DIAGNOSTIC_CHANNEL = 1
# environment
SNAP_LIBRARY_PATH = /var/lib/snapd/lib/gl:/var/lib/snapd/lib/gl32:/var/lib/snapd/void
# environment
SNAP_CONTEXT = dutqrHqsWshs7OktbPx6kV9vBj8KaoQLRrXMC8MpBk1lmBFrmH9t
# environment
NVM_CD_FLAGS = 
# environment
ELECTRON_NO_ATTACH_CONSOLE = 1
# environment
SNAP_USER_COMMON = /home/marcos/snap/code/common
# environment
VSCODE_HANDLES_UNCAUGHT_ERRORS = true
# environment
GNOME_DESKTOP_SESSION_ID = this-is-deprecated
# automatic
^D = $(patsubst %/,%,$(dir $^))
# environment
MAKELEVEL := 0
# environment
SNAP_REAL_HOME = /home/marcos
# environment
GEM_PATH = /home/marcos/.rvm/gems/ruby-3.0.0:/home/marcos/.rvm/gems/ruby-3.0.0@global
# default
MAKE = $(MAKE_COMMAND)
# default
MAKECMDGOALS := all
# environment
QT_IM_MODULE = ibus
# environment
IRBRC = /home/marcos/.rvm/rubies/ruby-3.0.0/.irbrc
# environment
SNAP_USER_DATA = /home/marcos/snap/code/96
# environment
SHLVL = 0
# environment
GNOME_SHELL_SESSION_MODE = ubuntu
# environment
VSCODE_IPC_HOOK_EXTHOST = /run/user/1000/vscode-ipc-d2c912c9-4879-4b2d-8c21-a8d6d8b73bd3.sock
# default
MAKE_VERSION := 4.2.1
# environment
USER = marcos
# environment
SNAP_REVISION = 96
# makefile
.DEFAULT_GOAL := main
# environment
XDG_CURRENT_DESKTOP = Unity
# environment
rvm_version = 1.29.12 (latest)
# automatic
%D = $(patsubst %/,%,$(dir $%))
# default
MAKE_COMMAND := make
# default
.VARIABLES := 
# automatic
*F = $(notdir $*)
# environment
VSCODE_IPC_HOOK = /run/user/1000/vscode-0dcf06dc-1.67.1-main.sock
# environment
BAMF_DESKTOP_FILE_HINT = /var/lib/snapd/desktop/applications/code_code.desktop
# makefile
MAKEFLAGS = pqrR
# environment
MFLAGS = -pqrR
# automatic
*D = $(patsubst %/,%,$(dir $*))
# environment
NVM_DIR = /home/marcos/.nvm
# automatic
+D = $(patsubst %/,%,$(dir $+))
# environment
GDK_BACKEND = x11
# environment
rvm_user_install_flag = 1
# automatic
+F = $(notdir $+)
# environment
QT_ACCESSIBILITY = 1
# environment
DEFAULTS_PATH = /usr/share/gconf/ubuntu.default.path
# default
MAKEFILES := 
# environment
SNAP_COOKIE = dutqrHqsWshs7OktbPx6kV9vBj8KaoQLRrXMC8MpBk1lmBFrmH9t
# automatic
<F = $(notdir $<)
# environment
SNAP_NAME = code
# environment
LC_ALL = C
# environment
GJS_DEBUG_TOPICS = JS ERROR;JS LOG
# automatic
^F = $(notdir $^)
# environment
rvm_prefix = /home/marcos
# default
SUFFIXES := 
# environment
SNAP_REEXEC = 
# environment
CHROME_DESKTOP = code-url-handler.desktop
# environment
WINDOWPATH = 2
# default
.INCLUDE_DIRS = /usr/include /usr/local/include /usr/include
# environment
GJS_DEBUG_OUTPUT = stderr
# environment
rvm_loaded_flag = 1
# default
.RECIPEPREFIX := 
# environment
LANG = C
# environment
VSCODE_PID = 16912
# environment
MY_RUBY_HOME = /home/marcos/.rvm/rubies/ruby-3.0.0
# variable set hash-table stats:
 
# Load=138/1024=13%, Rehash=0, Collisions=20/163=12%

# Pattern-specific Variable Values

# No pattern-specific variable values.

# Directories

# . (device 2054, inode 7480446): 7 files, no impossibilities.

# 7 files, no impossibilities in 1 directories.

# Implicit Rules

# No implicit rules.

# Files

clave.o: clave.cc
#  Implicit rule search has not been done.
#  Modification time never checked.
#  File has not been updated.
#  recipe to execute (from 'makefile', line 5):
	g++ -std=c++14 -Wall -o ./bin/clave ./src/clave.cc

# Not a target:
node.cc:
#  Implicit rule search has not been done.
#  Modification time never checked.
#  File has not been updated.

# Not a target:
all:
#  Command line target.
#  Implicit rule search has been done.
#  File does not exist.
#  File has not been updated.

# Not a target:
clave.cc:
#  Implicit rule search has not been done.
#  Modification time never checked.
#  File has not been updated.

# Not a target:
src/main.cc:
#  Implicit rule search has not been done.
#  Modification time never checked.
#  File has not been updated.

arbol_bin.o: arbol_bin.cc
#  Implicit rule search has not been done.
#  Modification time never checked.
#  File has not been updated.
#  recipe to execute (from 'makefile', line 11):
	g++ -std=c++14 -Wall -o ./bin/arbol_bin ./src/arbol_bin.cc

# Not a target:
makefile:
#  Implicit rule search has been done.
#  Last modified 2022-05-10 22:24:37.739206344
#  File has been updated.
#  Successfully updated.

# Not a target:
arbol_bin.cc:
#  Implicit rule search has not been done.
#  Modification time never checked.
#  File has not been updated.

# Not a target:
.DEFAULT:
#  Implicit rule search has not been done.
#  Modification time never checked.
#  File has not been updated.

run:
#  Implicit rule search has not been done.
#  Modification time never checked.
#  File has not been updated.
#  recipe to execute (from 'makefile', line 14):
	./bin/arbol_binario 

clean:
#  Implicit rule search has not been done.
#  Modification time never checked.
#  File has not been updated.
#  recipe to execute (from 'makefile', line 17):
	rm -f arbol_binario *.o ./bin/*

main: src/main.cc
#  Implicit rule search has not been done.
#  Modification time never checked.
#  File has not been updated.
#  recipe to execute (from 'makefile', line 2):
	g++ -std=c++14 -Wall -o ./bin/arbol_binario ./src/main.cc ./src/clave.cc ./src/node.cc ./src/arbol_bin.cc

node.o: node.cc
#  Implicit rule search has not been done.
#  Modification time never checked.
#  File has not been updated.
#  recipe to execute (from 'makefile', line 8):
	g++ -std=c++14 -Wall -o ./bin/node ./src/node.cc

# files hash-table stats:
# Load=14/1024=1%, Rehash=0, Collisions=0/28=0%
# VPATH Search Paths

# No 'vpath' search paths.

# No general ('VPATH' variable) search path.

# strcache buffers: 1 (0) / strings = 22 / storage = 177 B / avg = 8 B
# current buf: size = 8162 B / used = 177 B / count = 22 / avg = 8 B

# strcache performance: lookups = 32 / hit rate = 31%
# hash-table stats:
# Load=22/8192=0%, Rehash=0, Collisions=1/32=3%
# Finished Make data base on Tue May 10 23:35:10 2022

 
